[debug] [2025-04-09T11:21:00.402Z] ----------------------------------------------------------------------
[debug] [2025-04-09T11:21:00.416Z] Command:       C:\Program Files\nodejs\node.exe C:\Users\User\AppData\Roaming\npm\node_modules\firebase-tools\lib\bin\firebase.js deploy
[debug] [2025-04-09T11:21:00.420Z] CLI Version:   13.30.0
[debug] [2025-04-09T11:21:00.421Z] Platform:      win32
[debug] [2025-04-09T11:21:00.422Z] Node Version:  v20.18.0
[debug] [2025-04-09T11:21:00.422Z] Time:          Wed Apr 09 2025 16:51:00 GMT+0530 (India Standard Time)
[debug] [2025-04-09T11:21:00.423Z] ----------------------------------------------------------------------
[debug] 
[debug] [2025-04-09T11:21:02.085Z] > command requires scopes: ["email","openid","https://www.googleapis.com/auth/cloudplatformprojects.readonly","https://www.googleapis.com/auth/firebase","https://www.googleapis.com/auth/cloud-platform"]
[debug] [2025-04-09T11:21:02.087Z] > authorizing via signed-in user (rohitkr@on-track.in)
[debug] [2025-04-09T11:21:02.088Z] [iam] checking project twinflips for permissions ["firebase.projects.get","firebasehosting.sites.update"]
[debug] [2025-04-09T11:21:02.092Z] Checked if tokens are valid: false, expires at: 1744185123653
[debug] [2025-04-09T11:21:02.094Z] Checked if tokens are valid: false, expires at: 1744185123653
[debug] [2025-04-09T11:21:02.099Z] > refreshing access token with scopes: []
[debug] [2025-04-09T11:21:02.107Z] >>> [apiv2][query] POST https://www.googleapis.com/oauth2/v3/token [none]
[debug] [2025-04-09T11:21:02.108Z] >>> [apiv2][body] POST https://www.googleapis.com/oauth2/v3/token [omitted]
[debug] [2025-04-09T11:21:03.754Z] <<< [apiv2][status] POST https://www.googleapis.com/oauth2/v3/token 200
[debug] [2025-04-09T11:21:03.756Z] <<< [apiv2][body] POST https://www.googleapis.com/oauth2/v3/token [omitted]
[debug] [2025-04-09T11:21:03.875Z] >>> [apiv2][query] POST https://cloudresourcemanager.googleapis.com/v1/projects/twinflips:testIamPermissions [none]
[debug] [2025-04-09T11:21:03.877Z] >>> [apiv2][(partial)header] POST https://cloudresourcemanager.googleapis.com/v1/projects/twinflips:testIamPermissions x-goog-quota-user=projects/twinflips
[debug] [2025-04-09T11:21:03.878Z] >>> [apiv2][body] POST https://cloudresourcemanager.googleapis.com/v1/projects/twinflips:testIamPermissions {"permissions":["firebase.projects.get","firebasehosting.sites.update"]}
[debug] [2025-04-09T11:21:05.672Z] <<< [apiv2][status] POST https://cloudresourcemanager.googleapis.com/v1/projects/twinflips:testIamPermissions 200
[debug] [2025-04-09T11:21:05.673Z] <<< [apiv2][body] POST https://cloudresourcemanager.googleapis.com/v1/projects/twinflips:testIamPermissions {}
[debug] [2025-04-09T11:21:05.674Z] [iam] error while checking permissions, command may fail: Authorization failed. This account is missing the following required permissions on project twinflips:

  firebase.projects.get
  firebasehosting.sites.update
[debug] [2025-04-09T11:21:05.675Z] Checked if tokens are valid: true, expires at: 1744201262757
[debug] [2025-04-09T11:21:05.676Z] Checked if tokens are valid: true, expires at: 1744201262757
[debug] [2025-04-09T11:21:05.677Z] >>> [apiv2][query] GET https://firebase.googleapis.com/v1beta1/projects/twinflips [none]
[debug] [2025-04-09T11:21:06.839Z] <<< [apiv2][status] GET https://firebase.googleapis.com/v1beta1/projects/twinflips 403
[debug] [2025-04-09T11:21:06.840Z] <<< [apiv2][body] GET https://firebase.googleapis.com/v1beta1/projects/twinflips {"error":{"code":403,"message":"The caller does not have permission","status":"PERMISSION_DENIED"}}
[debug] [2025-04-09T11:21:06.842Z] Request to https://firebase.googleapis.com/v1beta1/projects/twinflips had HTTP Error: 403, The caller does not have permission
[debug] [2025-04-09T11:21:07.907Z] FirebaseError: Request to https://firebase.googleapis.com/v1beta1/projects/twinflips had HTTP Error: 403, The caller does not have permission
    at responseToError (C:\Users\User\AppData\Roaming\npm\node_modules\firebase-tools\lib\responseToError.js:52:12)
    at RetryOperation._fn (C:\Users\User\AppData\Roaming\npm\node_modules\firebase-tools\lib\apiv2.js:312:77)
    at process.processTicksAndRejections (node:internal/process/task_queues:95:5)
[error] 
[error] Error: Failed to get Firebase project twinflips. Please make sure the project exists and your account has permission to access it.
